[0m[[0m[0mdebug[0m] [0m[0mRunning TaskDef(MathSpec, org.scalatest.tools.Framework$$anon$1@5bf3496f, false, [SuiteSelector])[0m
[0m[[0m[0minfo[0m] [0m[0m[32mMathSpec:[0m[0m
[0m[[0m[0minfo[0m] [0m[0m[32msquare[0m[0m
[0m[[0m[0minfo[0m] [0m[0m[32m- should return square value of a number[0m[0m
[0m[[0m[0minfo[0m] [0m[0m[32m- should return square value of a negative number[0m[0m
[0m[[0m[0minfo[0m] [0m[0m[32mdivide[0m[0m
[0m[[0m[0minfo[0m] [0m[0m[32m- should return the division of two numbers when the divisor is not zero[0m[0m
[0m[[0m[0minfo[0m] [0m[0m[32mpower[0m[0m
[0m[[0m[0minfo[0m] [0m[0m[32m- should calculate the power of a number[0m[0m
[0m[[0m[0minfo[0m] [0m[0m[32mquadraticEquation[0m[0m
[0m[[0m[0minfo[0m] [0m[0m[32m- should resolve quadraticEquation with positive delta[0m[0m
[0m[[0m[0minfo[0m] [0m[0m[32m- should resolve quadraticEquation with null delta[0m[0m
[0m[[0m[0minfo[0m] [0m[0m[32m- should resolve quadraticEquation with negative delta[0m[0m
[0m[[0m[0minfo[0m] [0m[0m[32mabs[0m[0m
[0m[[0m[0minfo[0m] [0m[0m[32m- should resolve abs with positive int[0m[0m
[0m[[0m[0minfo[0m] [0m[0m[32mabs[0m[0m
[0m[[0m[0minfo[0m] [0m[0m[32m- should resolve abs with negative int[0m[0m
[0m[[0m[0minfo[0m] [0m[0m[32msqrt_heron[0m[0m
[0m[[0m[0minfo[0m] [0m[0m[31m- should calculate the square with Heron's method *** FAILED ***[0m[0m
[0m[[0m[0minfo[0m] [0m[0m[31m  13.5 did not equal 5.0 (MainSpec.scala:107)[0m[0m
[0m[[0m[0minfo[0m] [0m[0m[36mRun completed in 209 milliseconds.[0m[0m
[0m[[0m[0minfo[0m] [0m[0m[36mTotal number of tests run: 10[0m[0m
[0m[[0m[0minfo[0m] [0m[0m[36mSuites: completed 1, aborted 0[0m[0m
[0m[[0m[0minfo[0m] [0m[0m[36mTests: succeeded 9, failed 1, canceled 0, ignored 0, pending 0[0m[0m
[0m[[0m[0minfo[0m] [0m[0m[31m*** 1 TEST FAILED ***[0m[0m
[0m[[0m[31merror[0m] [0m[0mFailed tests:[0m
[0m[[0m[31merror[0m] [0m[0m	MathSpec[0m
[0m[[0m[31merror[0m] [0m[0m(Test / [31mtest[0m) sbt.TestsFailedException: Tests unsuccessful[0m
